<?xml version="1.0" encoding="UTF-8"?>
<robot generator="Robot 7.2.2 (Python 3.13.2 on win32)" generated="2025-03-30T00:49:12.742681" rpa="false" schemaversion="5">
<suite id="s1" name="Browser Demo" source="C:\Users\Edanu\.vscode\Web-Sovelluskehitys\FE\Yksilöprojekti\browser_demo.robot">
<test id="s1-t1" name="Lisää Uusi Päiväkirjamerkintä" line="7">
<kw name="New Browser" owner="Browser">
<msg time="2025-03-30T00:49:13.030954" level="INFO">{"browser": "chromium", "headless": false, "chromiumSandbox": false, "devtools": false, "handleSIGHUP": true, "handleSIGINT": true, "handleSIGTERM": true, "slowMo": 0.0, "timeout": 30000.0, "tracesDir": "C:\\Users\\Edanu\\.vscode\\Web-Sovelluskehitys\\FE\\Yksil\u00f6projekti\\browser\\traces\\temp\\6073480d-3685-4e8b-8efd-a34af4d0229a"}</msg>
<msg time="2025-03-30T00:49:13.067524" level="INFO">Starting Browser process C:\Users\Edanu\AppData\Local\Programs\Python\Python313\Lib\site-packages\Browser\wrapper\index.js using port 64832</msg>
<msg time="2025-03-30T00:49:13.067694" level="INFO">Node startup parameters: ['node', 'C:\\Users\\Edanu\\AppData\\Local\\Programs\\Python\\Python313\\Lib\\site-packages\\Browser\\wrapper\\index.js', '64832']</msg>
<msg time="2025-03-30T00:49:14.510496" level="INFO">Successfully created browser with options: {"browser":"chromium","headless":false,"chromiumSandbox":false,"devtools":false,"handleSIGHUP":true,"handleSIGINT":true,"handleSIGTERM":true,"slowMo":0,"timeout":30000,"tracesDir":"C:\\Users\\Edanu\\.vscode\\Web-Sovelluskehitys\\FE\\Yksilöprojekti\\browser\\traces\\temp\\6073480d-3685-4e8b-8efd-a34af4d0229a"}</msg>
<arg>chromium</arg>
<arg>headless=No</arg>
<tag>BrowserControl</tag>
<tag>Setter</tag>
<doc>Create a new playwright Browser with specified options.</doc>
<status status="PASS" start="2025-03-30T00:49:13.029888" elapsed="1.480982"/>
</kw>
<kw name="Kirjaudu Sisään">
<kw name="New Page" owner="Browser">
<msg time="2025-03-30T00:49:14.753906" level="INFO">Successfully initialized new page object and opened url: http://localhost:3000</msg>
<msg time="2025-03-30T00:49:14.754057" level="INFO">No context was open. New context was automatically opened when this page is created.</msg>
<arg>http://localhost:3000</arg>
<tag>BrowserControl</tag>
<tag>Setter</tag>
<doc>Open a new Page.</doc>
<status status="PASS" start="2025-03-30T00:49:14.512698" elapsed="0.241671"/>
</kw>
<kw name="Wait For Elements State" owner="Browser">
<msg time="2025-03-30T00:49:24.960493" level="INFO" html="true">&lt;/td&gt;&lt;/tr&gt;&lt;tr&gt;&lt;td colspan="3"&gt;&lt;a href="browser/screenshot/fail-screenshot-1.png" target="_blank"&gt;&lt;img src="browser/screenshot/fail-screenshot-1.png" width="800px"/&gt;&lt;/a&gt;</msg>
<msg time="2025-03-30T00:49:24.960744" level="INFO">See also file:///C:/Users/Edanu/.vscode/Web-Sovelluskehitys/FE/Yksil%C3%B6projekti/playwright-log-1743288552961536600.txt for additional details.</msg>
<msg time="2025-03-30T00:49:24.961291" level="FAIL">TimeoutError: locator.waitFor: Timeout 10000ms exceeded.
Call log:
  - waiting for locator('.login-container') to be visible
</msg>
<arg>css=.login-container</arg>
<arg>visible</arg>
<tag>PageContent</tag>
<tag>Wait</tag>
<doc>Waits for the element found by ``selector`` to satisfy state option.</doc>
<status status="FAIL" start="2025-03-30T00:49:14.754768" elapsed="10.212059">TimeoutError: locator.waitFor: Timeout 10000ms exceeded.
Call log:
  - waiting for locator('.login-container') to be visible
</status>
</kw>
<kw name="Fill Text" owner="Browser">
<arg>id=username</arg>
<arg>testuser</arg>
<tag>PageContent</tag>
<tag>Setter</tag>
<doc>Clears and fills the given ``txt`` into the text field found by ``selector``.</doc>
<status status="NOT RUN" start="2025-03-30T00:49:24.967065" elapsed="0.000216"/>
</kw>
<kw name="Type Secret" owner="Browser">
<arg>id=password</arg>
<arg>$Password</arg>
<tag>PageContent</tag>
<tag>Setter</tag>
<doc>Types the given secret from ``variable_name`` into the text field
found by ``selector``.</doc>
<status status="NOT RUN" start="2025-03-30T00:49:24.967423" elapsed="0.000168"/>
</kw>
<kw name="Click" owner="Browser">
<arg>css=button[type="submit"]</arg>
<tag>PageContent</tag>
<tag>Setter</tag>
<doc>Simulates mouse click on the element found by ``selector``.</doc>
<status status="NOT RUN" start="2025-03-30T00:49:24.967750" elapsed="0.000146"/>
</kw>
<kw name="Wait For Elements State" owner="Browser">
<arg>css=header</arg>
<arg>visible</arg>
<tag>PageContent</tag>
<tag>Wait</tag>
<doc>Waits for the element found by ``selector`` to satisfy state option.</doc>
<status status="NOT RUN" start="2025-03-30T00:49:24.968023" elapsed="0.000142"/>
</kw>
<kw name="Get Text" owner="Browser">
<arg>css=header</arg>
<arg>==</arg>
<arg>OloHetki</arg>
<tag>Assertion</tag>
<tag>Getter</tag>
<tag>PageContent</tag>
<doc>Returns text attribute of the element found by ``selector``.</doc>
<status status="NOT RUN" start="2025-03-30T00:49:24.968300" elapsed="0.000141"/>
</kw>
<status status="FAIL" start="2025-03-30T00:49:14.511751" elapsed="10.456865">TimeoutError: locator.waitFor: Timeout 10000ms exceeded.
Call log:
  - waiting for locator('.login-container') to be visible
</status>
</kw>
<kw name="Click" owner="Browser">
<arg>text=Päiväkirja</arg>
<tag>PageContent</tag>
<tag>Setter</tag>
<doc>Simulates mouse click on the element found by ``selector``.</doc>
<status status="NOT RUN" start="2025-03-30T00:49:24.969100" elapsed="0.000360"/>
</kw>
<kw name="Wait For Elements State" owner="Browser">
<arg>h1</arg>
<arg>visible</arg>
<tag>PageContent</tag>
<tag>Wait</tag>
<doc>Waits for the element found by ``selector`` to satisfy state option.</doc>
<status status="NOT RUN" start="2025-03-30T00:49:24.969871" elapsed="0.000158"/>
</kw>
<kw name="Get Text" owner="Browser">
<arg>h1</arg>
<arg>==</arg>
<arg>Tunnepäiväkirja</arg>
<tag>Assertion</tag>
<tag>Getter</tag>
<tag>PageContent</tag>
<doc>Returns text attribute of the element found by ``selector``.</doc>
<status status="NOT RUN" start="2025-03-30T00:49:24.970245" elapsed="0.000162"/>
</kw>
<kw name="Fill Text" owner="Browser">
<arg>id=situation</arg>
<arg>Testaus Robot Frameworkilla</arg>
<tag>PageContent</tag>
<tag>Setter</tag>
<doc>Clears and fills the given ``txt`` into the text field found by ``selector``.</doc>
<status status="NOT RUN" start="2025-03-30T00:49:24.970709" elapsed="0.000173"/>
</kw>
<kw name="Fill Text" owner="Browser">
<arg>id=emotion</arg>
<arg>Keskittynyt ja kiinnostunut</arg>
<tag>PageContent</tag>
<tag>Setter</tag>
<doc>Clears and fills the given ``txt`` into the text field found by ``selector``.</doc>
<status status="NOT RUN" start="2025-03-30T00:49:24.971096" elapsed="0.000162"/>
</kw>
<kw name="Set Variable" owner="BuiltIn">
<var>${anxiety_level}</var>
<arg>2</arg>
<doc>Returns the given values which can then be assigned to a variables.</doc>
<status status="NOT RUN" start="2025-03-30T00:49:24.971481" elapsed="0.000164"/>
</kw>
<kw name="Check Checkbox" owner="Browser">
<arg>css=[name="anxiety"][value="${anxiety_level}"]</arg>
<tag>PageContent</tag>
<tag>Setter</tag>
<doc>Checks the checkbox or selects radio button found by ``selector``.</doc>
<status status="NOT RUN" start="2025-03-30T00:49:24.971885" elapsed="0.000151"/>
</kw>
<kw name="Set Variable" owner="BuiltIn">
<var>${stress_level}</var>
<arg>3</arg>
<doc>Returns the given values which can then be assigned to a variables.</doc>
<status status="NOT RUN" start="2025-03-30T00:49:24.972352" elapsed="0.000165"/>
</kw>
<kw name="Check Checkbox" owner="Browser">
<arg>css=[name="stress"][value="${stress_level}"]</arg>
<tag>PageContent</tag>
<tag>Setter</tag>
<doc>Checks the checkbox or selects radio button found by ``selector``.</doc>
<status status="NOT RUN" start="2025-03-30T00:49:24.972724" elapsed="0.000150"/>
</kw>
<kw name="Set Variable" owner="BuiltIn">
<var>${panic_level}</var>
<arg>1</arg>
<doc>Returns the given values which can then be assigned to a variables.</doc>
<status status="NOT RUN" start="2025-03-30T00:49:24.973074" elapsed="0.000162"/>
</kw>
<kw name="Check Checkbox" owner="Browser">
<arg>css=[name="panic"][value="${panic_level}"]</arg>
<tag>PageContent</tag>
<tag>Setter</tag>
<doc>Checks the checkbox or selects radio button found by ``selector``.</doc>
<status status="NOT RUN" start="2025-03-30T00:49:24.973655" elapsed="0.000160"/>
</kw>
<kw name="Set Variable" owner="BuiltIn">
<var>${kuvaus}</var>
<arg>Tämä on Robot Frameworkilla tehty automaattinen testitapaus päiväkirjamerkinnän lisäämisestä.</arg>
<doc>Returns the given values which can then be assigned to a variables.</doc>
<status status="NOT RUN" start="2025-03-30T00:49:24.974024" elapsed="0.000151"/>
</kw>
<kw name="Fill Text" owner="Browser">
<arg>id=notes</arg>
<arg>${kuvaus}</arg>
<tag>PageContent</tag>
<tag>Setter</tag>
<doc>Clears and fills the given ``txt`` into the text field found by ``selector``.</doc>
<status status="NOT RUN" start="2025-03-30T00:49:24.974376" elapsed="0.000149"/>
</kw>
<kw name="Click" owner="Browser">
<arg>text=Lisää merkintä</arg>
<tag>PageContent</tag>
<tag>Setter</tag>
<doc>Simulates mouse click on the element found by ``selector``.</doc>
<status status="NOT RUN" start="2025-03-30T00:49:24.974734" elapsed="0.000146"/>
</kw>
<kw name="Wait For Elements State" owner="Browser">
<arg>css=#entries</arg>
<arg>visible</arg>
<tag>PageContent</tag>
<tag>Wait</tag>
<doc>Waits for the element found by ``selector`` to satisfy state option.</doc>
<status status="NOT RUN" start="2025-03-30T00:49:24.975102" elapsed="0.000149"/>
</kw>
<kw name="Get Text" owner="Browser">
<arg>css=#entries</arg>
<arg>contains</arg>
<arg>${kuvaus}</arg>
<tag>Assertion</tag>
<tag>Getter</tag>
<tag>PageContent</tag>
<doc>Returns text attribute of the element found by ``selector``.</doc>
<status status="NOT RUN" start="2025-03-30T00:49:24.975550" elapsed="0.000169"/>
</kw>
<msg time="2025-03-30T00:49:24.980043" level="INFO">Set timeout to: 10000</msg>
<status status="FAIL" start="2025-03-30T00:49:13.027623" elapsed="11.948399">TimeoutError: locator.waitFor: Timeout 10000ms exceeded.
Call log:
  - waiting for locator('.login-container') to be visible
</status>
</test>
<doc>Testi uuden päiväkirjamerkinnän tekemiseen OloHetki-sovelluksessa</doc>
<status status="FAIL" start="2025-03-30T00:49:12.745185" elapsed="12.236952"/>
</suite>
<statistics>
<total>
<stat pass="0" fail="1" skip="0">All Tests</stat>
</total>
<tag>
</tag>
<suite>
<stat name="Browser Demo" id="s1" pass="0" fail="1" skip="0">Browser Demo</stat>
</suite>
</statistics>
<errors>
</errors>
</robot>
