<?xml version="1.0" encoding="UTF-8"?>
<robot generator="Robot 7.2.2 (Python 3.13.2 on win32)" generated="2025-04-17T00:55:38.533657" rpa="false" schemaversion="5">
<suite id="s1" name="Login Env Test" source="C:\Users\Edanu\.vscode\Web-Sovelluskehitys\FE\Yksilöprojekti\tests\front\login_env_test.robot">
<test id="s1-t1" name="Kirjautuminen Onnistuu Env-Muuttujilla" line="16">
<kw name="Load Dotenv" owner="env_loader">
<doc>Lataa .env-tiedoston sisällön ympäristömuuttujiin</doc>
<status status="PASS" start="2025-04-17T00:55:38.948229" elapsed="0.019822"/>
</kw>
<kw name="Get Environment Variable" owner="env_loader">
<msg time="2025-04-17T00:55:38.968753" level="WARN">Keyword 'Get Environment Variable' found both from a custom library 'env_loader' and a standard library 'OperatingSystem'. The custom keyword is used. To select explicitly, and to get rid of this warning, use either 'env_loader.Get Environment Variable' or 'OperatingSystem.Get Environment Variable'.</msg>
<msg time="2025-04-17T00:55:38.970537" level="INFO">${username} = d</msg>
<var>${username}</var>
<arg>USERNAME</arg>
<doc>Hakee ympäristömuuttujan arvon</doc>
<status status="PASS" start="2025-04-17T00:55:38.968874" elapsed="0.001737"/>
</kw>
<kw name="Get Environment Variable" owner="env_loader">
<msg time="2025-04-17T00:55:38.971059" level="WARN">Keyword 'Get Environment Variable' found both from a custom library 'env_loader' and a standard library 'OperatingSystem'. The custom keyword is used. To select explicitly, and to get rid of this warning, use either 'env_loader.Get Environment Variable' or 'OperatingSystem.Get Environment Variable'.</msg>
<msg time="2025-04-17T00:55:38.972152" level="INFO">${password} = d</msg>
<var>${password}</var>
<arg>PASSWORD</arg>
<doc>Hakee ympäristömuuttujan arvon</doc>
<status status="PASS" start="2025-04-17T00:55:38.971137" elapsed="0.001063"/>
</kw>
<kw name="Get Environment Variable" owner="env_loader">
<msg time="2025-04-17T00:55:38.972436" level="WARN">Keyword 'Get Environment Variable' found both from a custom library 'env_loader' and a standard library 'OperatingSystem'. The custom keyword is used. To select explicitly, and to get rid of this warning, use either 'env_loader.Get Environment Variable' or 'OperatingSystem.Get Environment Variable'.</msg>
<msg time="2025-04-17T00:55:38.973549" level="INFO">${front_url} = http://localhost:3000</msg>
<var>${front_url}</var>
<arg>FRONT_URL</arg>
<doc>Hakee ympäristömuuttujan arvon</doc>
<status status="PASS" start="2025-04-17T00:55:38.972483" elapsed="0.001133"/>
</kw>
<kw name="Get Current Date" owner="DateTime">
<msg time="2025-04-17T00:55:38.974514" level="INFO">${timestamp} = 20250417_005538</msg>
<var>${timestamp}</var>
<arg>result_format=%Y%m%d_%H%M%S</arg>
<doc>Returns current local or UTC time with an optional increment.</doc>
<status status="PASS" start="2025-04-17T00:55:38.973932" elapsed="0.000643"/>
</kw>
<kw name="New Browser" owner="Browser">
<msg time="2025-04-17T00:55:38.976605" level="INFO">{"browser": "chromium", "headless": false, "chromiumSandbox": false, "devtools": false, "handleSIGHUP": true, "handleSIGINT": true, "handleSIGTERM": true, "slowMo": 0.0, "timeout": 30000.0, "tracesDir": "C:\\Users\\Edanu\\.vscode\\Web-Sovelluskehitys\\FE\\Yksil\u00f6projekti\\browser\\traces\\temp\\63ea0c7f-eae4-42dc-9a59-8ea35d4cd083"}</msg>
<msg time="2025-04-17T00:55:39.030349" level="INFO">Starting Browser process C:\Users\Edanu\.vscode\Web-Sovelluskehitys\FE\Yksilöprojekti\.venv\Lib\site-packages\Browser\wrapper\index.js using port 63623</msg>
<msg time="2025-04-17T00:55:39.030602" level="INFO">Node startup parameters: ['node', 'C:\\Users\\Edanu\\.vscode\\Web-Sovelluskehitys\\FE\\Yksilöprojekti\\.venv\\Lib\\site-packages\\Browser\\wrapper\\index.js', '63623']</msg>
<msg time="2025-04-17T00:55:41.145158" level="INFO">Successfully created browser with options: {"browser":"chromium","headless":false,"chromiumSandbox":false,"devtools":false,"handleSIGHUP":true,"handleSIGINT":true,"handleSIGTERM":true,"slowMo":0,"timeout":30000,"tracesDir":"C:\\Users\\Edanu\\.vscode\\Web-Sovelluskehitys\\FE\\Yksilöprojekti\\browser\\traces\\temp\\63ea0c7f-eae4-42dc-9a59-8ea35d4cd083"}</msg>
<arg>chromium</arg>
<arg>headless=No</arg>
<tag>BrowserControl</tag>
<tag>Setter</tag>
<doc>Create a new playwright Browser with specified options.</doc>
<status status="PASS" start="2025-04-17T00:55:38.974989" elapsed="2.170800"/>
</kw>
<kw name="New Page" owner="Browser">
<msg time="2025-04-17T00:55:41.547674" level="INFO">Successfully initialized new page object and opened url: http://localhost:3000</msg>
<msg time="2025-04-17T00:55:41.547844" level="INFO">No context was open. New context was automatically opened when this page is created.</msg>
<arg>${front_url}</arg>
<tag>BrowserControl</tag>
<tag>Setter</tag>
<doc>Open a new Page.</doc>
<status status="PASS" start="2025-04-17T00:55:41.146577" elapsed="0.401602"/>
</kw>
<kw name="Take Screenshot" owner="Browser">
<msg time="2025-04-17T00:55:42.002681" level="INFO" html="true">&lt;/td&gt;&lt;/tr&gt;&lt;tr&gt;&lt;td colspan="3"&gt;&lt;a href="browser/screenshot/sivu_alkutila_20250417_005538.png.png" target="_blank"&gt;&lt;img src="browser/screenshot/sivu_alkutila_20250417_005538.png.png" width="800px"/&gt;&lt;/a&gt;</msg>
<arg>filename=sivu_alkutila_${timestamp}.png</arg>
<arg>fullPage=True</arg>
<tag>PageContent</tag>
<doc>Takes a screenshot of the current window or element and saves it to disk.</doc>
<status status="PASS" start="2025-04-17T00:55:41.548706" elapsed="0.454179"/>
</kw>
<kw name="Run Keyword And Return Status" owner="BuiltIn">
<kw name="Get Element" owner="Browser">
<msg time="2025-04-17T00:55:52.227984" level="INFO" html="true">&lt;/td&gt;&lt;/tr&gt;&lt;tr&gt;&lt;td colspan="3"&gt;&lt;a href="browser/screenshot/fail-screenshot-1.png" target="_blank"&gt;&lt;img src="browser/screenshot/fail-screenshot-1.png" width="800px"/&gt;&lt;/a&gt;</msg>
<msg time="2025-04-17T00:55:52.228276" level="INFO">See also file:///C:/Users/Edanu/.vscode/Web-Sovelluskehitys/FE/Yksil%C3%B6projekti/playwright-log.txt for additional details.</msg>
<msg time="2025-04-17T00:55:52.228875" level="FAIL">TimeoutError: locator.waitFor: Timeout 10000ms exceeded.
Call log:
  - waiting for locator('form')
</msg>
<arg>${LOGIN_FORM}</arg>
<tag>Getter</tag>
<tag>PageContent</tag>
<doc>Returns a reference to a Playwright [https://playwright.dev/docs/api/class-locator|Locator].</doc>
<status status="FAIL" start="2025-04-17T00:55:42.003936" elapsed="10.232351">TimeoutError: locator.waitFor: Timeout 10000ms exceeded.
Call log:
  - waiting for locator('form')
</status>
</kw>
<msg time="2025-04-17T00:55:52.236545" level="INFO">${form_exists} = False</msg>
<var>${form_exists}</var>
<arg>Get Element</arg>
<arg>${LOGIN_FORM}</arg>
<doc>Runs the given keyword with given arguments and returns the status as a Boolean value.</doc>
<status status="PASS" start="2025-04-17T00:55:42.003449" elapsed="10.233153"/>
</kw>
<if>
<branch type="IF" condition="not ${form_exists}">
<kw name="Log" owner="BuiltIn">
<msg time="2025-04-17T00:55:52.239046" level="INFO">Lomaketta ei löydetty selektorilla css=form, kokeillaan muita menetelmiä</msg>
<arg>Lomaketta ei löydetty selektorilla ${LOGIN_FORM}, kokeillaan muita menetelmiä</arg>
<doc>Logs the given message with the given level.</doc>
<status status="PASS" start="2025-04-17T00:55:52.238480" elapsed="0.000668"/>
</kw>
<kw name="Get Element Count" owner="Browser">
<msg time="2025-04-17T00:55:52.250094" level="INFO">${has_header} = 0</msg>
<var>${has_header}</var>
<arg>header:has-text("OloHetki")</arg>
<tag>Assertion</tag>
<tag>Getter</tag>
<tag>PageContent</tag>
<doc>Returns the count of elements found with ``selector``.</doc>
<status status="PASS" start="2025-04-17T00:55:52.239378" elapsed="0.010794"/>
</kw>
<kw name="Get Element Count" owner="Browser">
<msg time="2025-04-17T00:55:52.258026" level="INFO">${has_nav} = 0</msg>
<var>${has_nav}</var>
<arg>nav</arg>
<tag>Assertion</tag>
<tag>Getter</tag>
<tag>PageContent</tag>
<doc>Returns the count of elements found with ``selector``.</doc>
<status status="PASS" start="2025-04-17T00:55:52.250472" elapsed="0.007621"/>
</kw>
<if>
<branch type="IF" condition="${has_header} &gt; 0 or ${has_nav} &gt; 0">
<kw name="Log" owner="BuiltIn">
<arg>Käyttäjä näyttää olevan jo kirjautunut</arg>
<doc>Logs the given message with the given level.</doc>
<status status="NOT RUN" start="2025-04-17T00:55:52.259302" elapsed="0.000206"/>
</kw>
<kw name="PASS">
<arg>Käyttäjä on jo kirjautunut</arg>
<status status="NOT RUN" start="2025-04-17T00:55:52.259766" elapsed="0.000198"/>
</kw>
<status status="NOT RUN" start="2025-04-17T00:55:52.258621" elapsed="0.001427"/>
</branch>
<branch type="ELSE">
<kw name="Get Element Count" owner="Browser">
<msg time="2025-04-17T00:55:52.269503" level="INFO">${has_username} = 0</msg>
<var>${has_username}</var>
<arg>${USERNAME_FIELD}</arg>
<tag>Assertion</tag>
<tag>Getter</tag>
<tag>PageContent</tag>
<doc>Returns the count of elements found with ``selector``.</doc>
<status status="PASS" start="2025-04-17T00:55:52.260431" elapsed="0.009186"/>
</kw>
<kw name="Get Element Count" owner="Browser">
<msg time="2025-04-17T00:55:52.280334" level="INFO">${has_password} = 0</msg>
<var>${has_password}</var>
<arg>${PASSWORD_FIELD}</arg>
<tag>Assertion</tag>
<tag>Getter</tag>
<tag>PageContent</tag>
<doc>Returns the count of elements found with ``selector``.</doc>
<status status="PASS" start="2025-04-17T00:55:52.270037" elapsed="0.010394"/>
</kw>
<if>
<branch type="IF" condition="${has_username} &gt; 0 and ${has_password} &gt; 0">
<kw name="Log" owner="BuiltIn">
<arg>Kirjautumiskentät löytyivät, vaikka lomaketta ei tunnistettu</arg>
<doc>Logs the given message with the given level.</doc>
<status status="NOT RUN" start="2025-04-17T00:55:52.281491" elapsed="0.000208"/>
</kw>
<kw name="Fill Text" owner="Browser">
<arg>${USERNAME_FIELD}</arg>
<arg>${username}</arg>
<tag>PageContent</tag>
<tag>Setter</tag>
<doc>Clears and fills the given ``txt`` into the text field found by ``selector``.</doc>
<status status="NOT RUN" start="2025-04-17T00:55:52.281886" elapsed="0.000188"/>
</kw>
<kw name="Fill Text" owner="Browser">
<arg>${PASSWORD_FIELD}</arg>
<arg>${password}</arg>
<tag>PageContent</tag>
<tag>Setter</tag>
<doc>Clears and fills the given ``txt`` into the text field found by ``selector``.</doc>
<status status="NOT RUN" start="2025-04-17T00:55:52.282246" elapsed="0.000181"/>
</kw>
<kw name="Get Element Count" owner="Browser">
<var>${has_button}</var>
<arg>${LOGIN_BUTTON}</arg>
<tag>Assertion</tag>
<tag>Getter</tag>
<tag>PageContent</tag>
<doc>Returns the count of elements found with ``selector``.</doc>
<status status="NOT RUN" start="2025-04-17T00:55:52.282609" elapsed="0.000182"/>
</kw>
<if>
<branch type="IF" condition="${has_button} &gt; 0">
<kw name="Click" owner="Browser">
<arg>${LOGIN_BUTTON}</arg>
<tag>PageContent</tag>
<tag>Setter</tag>
<doc>Simulates mouse click on the element found by ``selector``.</doc>
<status status="NOT RUN" start="2025-04-17T00:55:52.283217" elapsed="0.000185"/>
</kw>
<kw name="Tarkista Kirjautuminen">
<arg>${timestamp}</arg>
<status status="NOT RUN" start="2025-04-17T00:55:52.284003" elapsed="0.000206"/>
</kw>
<status status="NOT RUN" start="2025-04-17T00:55:52.282930" elapsed="0.001357"/>
</branch>
<branch type="ELSE">
<kw name="Fail" owner="BuiltIn">
<arg>Kirjautumispainiketta ei löydy</arg>
<doc>Fails the test with the given message and optionally alters its tags.</doc>
<status status="NOT RUN" start="2025-04-17T00:55:52.284641" elapsed="0.000186"/>
</kw>
<status status="NOT RUN" start="2025-04-17T00:55:52.284361" elapsed="0.000543"/>
</branch>
<status status="NOT RUN" start="2025-04-17T00:55:52.282904" elapsed="0.002050"/>
</if>
<status status="NOT RUN" start="2025-04-17T00:55:52.280686" elapsed="0.004312"/>
</branch>
<branch type="ELSE">
<kw name="Take Screenshot" owner="Browser">
<msg time="2025-04-17T00:55:52.437028" level="INFO" html="true">&lt;/td&gt;&lt;/tr&gt;&lt;tr&gt;&lt;td colspan="3"&gt;&lt;a href="browser/screenshot/ei_lomaketta_20250417_005538.png.png" target="_blank"&gt;&lt;img src="browser/screenshot/ei_lomaketta_20250417_005538.png.png" width="800px"/&gt;&lt;/a&gt;</msg>
<arg>filename=ei_lomaketta_${timestamp}.png</arg>
<arg>fullPage=True</arg>
<tag>PageContent</tag>
<doc>Takes a screenshot of the current window or element and saves it to disk.</doc>
<status status="PASS" start="2025-04-17T00:55:52.285333" elapsed="0.152054"/>
</kw>
<kw name="Fail" owner="BuiltIn">
<msg time="2025-04-17T00:55:52.438356" level="FAIL">Kirjautumislomaketta tai -kenttiä ei löydy</msg>
<arg>Kirjautumislomaketta tai -kenttiä ei löydy</arg>
<doc>Fails the test with the given message and optionally alters its tags.</doc>
<status status="FAIL" start="2025-04-17T00:55:52.437728" elapsed="0.000766">Kirjautumislomaketta tai -kenttiä ei löydy</status>
</kw>
<status status="FAIL" start="2025-04-17T00:55:52.285045" elapsed="0.153576">Kirjautumislomaketta tai -kenttiä ei löydy</status>
</branch>
<status status="FAIL" start="2025-04-17T00:55:52.280631" elapsed="0.158069">Kirjautumislomaketta tai -kenttiä ei löydy</status>
</if>
<status status="FAIL" start="2025-04-17T00:55:52.260120" elapsed="0.178667">Kirjautumislomaketta tai -kenttiä ei löydy</status>
</branch>
<status status="FAIL" start="2025-04-17T00:55:52.258566" elapsed="0.180275">Kirjautumislomaketta tai -kenttiä ei löydy</status>
</if>
<status status="FAIL" start="2025-04-17T00:55:52.237450" elapsed="0.201449">Kirjautumislomaketta tai -kenttiä ei löydy</status>
</branch>
<branch type="ELSE">
<kw name="Wait For Elements State" owner="Browser">
<arg>${USERNAME_FIELD}</arg>
<arg>visible</arg>
<arg>timeout=5s</arg>
<tag>PageContent</tag>
<tag>Wait</tag>
<doc>Waits for the element found by ``selector`` to satisfy state option.</doc>
<status status="NOT RUN" start="2025-04-17T00:55:52.439345" elapsed="0.000208"/>
</kw>
<kw name="Wait For Elements State" owner="Browser">
<arg>${PASSWORD_FIELD}</arg>
<arg>visible</arg>
<arg>timeout=5s</arg>
<tag>PageContent</tag>
<tag>Wait</tag>
<doc>Waits for the element found by ``selector`` to satisfy state option.</doc>
<status status="NOT RUN" start="2025-04-17T00:55:52.439738" elapsed="0.000184"/>
</kw>
<kw name="Fill Text" owner="Browser">
<arg>${USERNAME_FIELD}</arg>
<arg>${username}</arg>
<tag>PageContent</tag>
<tag>Setter</tag>
<doc>Clears and fills the given ``txt`` into the text field found by ``selector``.</doc>
<status status="NOT RUN" start="2025-04-17T00:55:52.440102" elapsed="0.000180"/>
</kw>
<kw name="Fill Text" owner="Browser">
<arg>${PASSWORD_FIELD}</arg>
<arg>${password}</arg>
<tag>PageContent</tag>
<tag>Setter</tag>
<doc>Clears and fills the given ``txt`` into the text field found by ``selector``.</doc>
<status status="NOT RUN" start="2025-04-17T00:55:52.440442" elapsed="0.000180"/>
</kw>
<kw name="Take Screenshot" owner="Browser">
<arg>filename=lomake_taytetty_${timestamp}.png</arg>
<arg>fullPage=True</arg>
<tag>PageContent</tag>
<doc>Takes a screenshot of the current window or element and saves it to disk.</doc>
<status status="NOT RUN" start="2025-04-17T00:55:52.440792" elapsed="0.000178"/>
</kw>
<kw name="Click" owner="Browser">
<arg>${LOGIN_BUTTON}</arg>
<tag>PageContent</tag>
<tag>Setter</tag>
<doc>Simulates mouse click on the element found by ``selector``.</doc>
<status status="NOT RUN" start="2025-04-17T00:55:52.441131" elapsed="0.000178"/>
</kw>
<kw name="Tarkista Kirjautuminen">
<arg>${timestamp}</arg>
<status status="NOT RUN" start="2025-04-17T00:55:52.441794" elapsed="0.000194"/>
</kw>
<status status="NOT RUN" start="2025-04-17T00:55:52.438969" elapsed="0.003094"/>
</branch>
<status status="FAIL" start="2025-04-17T00:55:52.237308" elapsed="0.204806">Kirjautumislomaketta tai -kenttiä ei löydy</status>
</if>
<msg time="2025-04-17T00:55:52.447917" level="INFO">Set timeout to: 10000</msg>
<status status="FAIL" start="2025-04-17T00:55:38.944606" elapsed="13.498214">Kirjautumislomaketta tai -kenttiä ei löydy</status>
</test>
<doc>Kirjautumistesti joka käyttää .env-tiedostoon tallennettuja tunnuksia</doc>
<status status="FAIL" start="2025-04-17T00:55:38.537226" elapsed="13.912552"/>
</suite>
<statistics>
<total>
<stat pass="0" fail="1" skip="0">All Tests</stat>
</total>
<tag>
</tag>
<suite>
<stat name="Login Env Test" id="s1" pass="0" fail="1" skip="0">Login Env Test</stat>
</suite>
</statistics>
<errors>
<msg time="2025-04-17T00:55:38.968753" level="WARN">Keyword 'Get Environment Variable' found both from a custom library 'env_loader' and a standard library 'OperatingSystem'. The custom keyword is used. To select explicitly, and to get rid of this warning, use either 'env_loader.Get Environment Variable' or 'OperatingSystem.Get Environment Variable'.</msg>
<msg time="2025-04-17T00:55:38.971059" level="WARN">Keyword 'Get Environment Variable' found both from a custom library 'env_loader' and a standard library 'OperatingSystem'. The custom keyword is used. To select explicitly, and to get rid of this warning, use either 'env_loader.Get Environment Variable' or 'OperatingSystem.Get Environment Variable'.</msg>
<msg time="2025-04-17T00:55:38.972436" level="WARN">Keyword 'Get Environment Variable' found both from a custom library 'env_loader' and a standard library 'OperatingSystem'. The custom keyword is used. To select explicitly, and to get rid of this warning, use either 'env_loader.Get Environment Variable' or 'OperatingSystem.Get Environment Variable'.</msg>
</errors>
</robot>
